  BeamEnemy.cpp
C:\Users\nolan\Downloads\Buas-Intake-Opdracht\Nolan_Bijmholt_251158_intake_2025_26\Kolvor\BeamEnemy.cpp(28,85): warning C4244: 'argument': conversion from 'float' to 'int', possible loss of data
C:\Users\nolan\Downloads\Buas-Intake-Opdracht\Nolan_Bijmholt_251158_intake_2025_26\Kolvor\BeamEnemy.cpp(28,56): warning C4244: 'argument': conversion from 'float' to 'int', possible loss of data
C:\Users\nolan\Downloads\Buas-Intake-Opdracht\Nolan_Bijmholt_251158_intake_2025_26\Kolvor\BeamEnemy.cpp(28,38): warning C4244: '=': conversion from 'int' to 'float', possible loss of data
C:\Users\nolan\Downloads\Buas-Intake-Opdracht\Nolan_Bijmholt_251158_intake_2025_26\Kolvor\BeamEnemy.cpp(35,84): warning C4244: 'argument': conversion from 'float' to 'int', possible loss of data
C:\Users\nolan\Downloads\Buas-Intake-Opdracht\Nolan_Bijmholt_251158_intake_2025_26\Kolvor\BeamEnemy.cpp(35,56): warning C4244: 'argument': conversion from 'float' to 'int', possible loss of data
C:\Users\nolan\Downloads\Buas-Intake-Opdracht\Nolan_Bijmholt_251158_intake_2025_26\Kolvor\BeamEnemy.cpp(35,38): warning C4244: '=': conversion from 'int' to 'float', possible loss of data
C:\Users\nolan\Downloads\Buas-Intake-Opdracht\Nolan_Bijmholt_251158_intake_2025_26\Kolvor\BeamEnemy.cpp(71,88): warning C4244: 'argument': conversion from 'float' to 'int', possible loss of data
C:\Users\nolan\Downloads\Buas-Intake-Opdracht\Nolan_Bijmholt_251158_intake_2025_26\Kolvor\BeamEnemy.cpp(71,67): warning C4244: 'argument': conversion from 'float' to 'int', possible loss of data
C:\Users\nolan\Downloads\Buas-Intake-Opdracht\Nolan_Bijmholt_251158_intake_2025_26\Kolvor\BeamEnemy.cpp(71,46): warning C4244: 'argument': conversion from 'float' to 'int', possible loss of data
C:\Users\nolan\Downloads\Buas-Intake-Opdracht\Nolan_Bijmholt_251158_intake_2025_26\Kolvor\BeamEnemy.cpp(71,28): warning C4244: 'argument': conversion from 'float' to 'int', possible loss of data
C:\Users\nolan\Downloads\Buas-Intake-Opdracht\Nolan_Bijmholt_251158_intake_2025_26\Kolvor\BeamEnemy.cpp(82,156): warning C4244: 'argument': conversion from 'float' to 'int', possible loss of data
  Core.cpp
C:\Users\nolan\Downloads\Buas-Intake-Opdracht\Nolan_Bijmholt_251158_intake_2025_26\Kolvor\Core.cpp(32,75): warning C4244: 'argument': conversion from 'float' to 'int', possible loss of data
  Cursor.cpp
C:\Users\nolan\Downloads\Buas-Intake-Opdracht\Nolan_Bijmholt_251158_intake_2025_26\Kolvor\Cursor.cpp(24,98): warning C4244: 'argument': conversion from 'float' to 'int', possible loss of data
C:\Users\nolan\Downloads\Buas-Intake-Opdracht\Nolan_Bijmholt_251158_intake_2025_26\Kolvor\Cursor.cpp(24,56): warning C4244: 'argument': conversion from 'float' to 'int', possible loss of data
  Enemy.cpp
  Entity.cpp
  GameManager.cpp
  GameOverScene.cpp
C:\Users\nolan\Downloads\Buas-Intake-Opdracht\Nolan_Bijmholt_251158_intake_2025_26\Kolvor\GameOverScene.cpp(12,50): warning C4244: 'initializing': conversion from 'int' to 'float', possible loss of data
C:\Users\nolan\Downloads\Buas-Intake-Opdracht\Nolan_Bijmholt_251158_intake_2025_26\Kolvor\GameOverScene.cpp(12,22): warning C4244: 'initializing': conversion from 'int' to 'const float', possible loss of data
C:\Users\nolan\Downloads\Buas-Intake-Opdracht\Nolan_Bijmholt_251158_intake_2025_26\Kolvor\GameOverScene.cpp(15,61): warning C4244: 'initializing': conversion from 'int' to 'float', possible loss of data
C:\Users\nolan\Downloads\Buas-Intake-Opdracht\Nolan_Bijmholt_251158_intake_2025_26\Kolvor\GameOverScene.cpp(15,28): warning C4244: 'initializing': conversion from 'int' to 'const float', possible loss of data
C:\Users\nolan\Downloads\Buas-Intake-Opdracht\Nolan_Bijmholt_251158_intake_2025_26\Kolvor\GameOverScene.cpp(16,63): warning C4244: 'initializing': conversion from 'int' to 'float', possible loss of data
C:\Users\nolan\Downloads\Buas-Intake-Opdracht\Nolan_Bijmholt_251158_intake_2025_26\Kolvor\GameOverScene.cpp(16,29): warning C4244: 'initializing': conversion from 'int' to 'const float', possible loss of data
C:\Users\nolan\Downloads\Buas-Intake-Opdracht\Nolan_Bijmholt_251158_intake_2025_26\Kolvor\GameOverScene.cpp(20,80): warning C4244: 'argument': conversion from 'float' to 'int', possible loss of data
C:\Users\nolan\Downloads\Buas-Intake-Opdracht\Nolan_Bijmholt_251158_intake_2025_26\Kolvor\GameOverScene.cpp(20,49): warning C4244: 'initializing': conversion from 'int' to 'float', possible loss of data
C:\Users\nolan\Downloads\Buas-Intake-Opdracht\Nolan_Bijmholt_251158_intake_2025_26\Kolvor\GameOverScene.cpp(20,36): warning C4244: 'initializing': conversion from 'int' to 'const float', possible loss of data
C:\Users\nolan\Downloads\Buas-Intake-Opdracht\Nolan_Bijmholt_251158_intake_2025_26\Kolvor\GameOverScene.cpp(21,130): warning C4244: 'argument': conversion from 'float' to 'int', possible loss of data
C:\Users\nolan\Downloads\Buas-Intake-Opdracht\Nolan_Bijmholt_251158_intake_2025_26\Kolvor\GameOverScene.cpp(21,100): warning C4244: 'argument': conversion from 'float' to 'int', possible loss of data
C:\Users\nolan\Downloads\Buas-Intake-Opdracht\Nolan_Bijmholt_251158_intake_2025_26\Kolvor\GameOverScene.cpp(21,48): warning C4244: 'argument': conversion from 'float' to 'int', possible loss of data
C:\Users\nolan\Downloads\Buas-Intake-Opdracht\Nolan_Bijmholt_251158_intake_2025_26\Kolvor\GameOverScene.cpp(25,66): warning C4244: 'argument': conversion from 'const float' to 'int', possible loss of data
C:\Users\nolan\Downloads\Buas-Intake-Opdracht\Nolan_Bijmholt_251158_intake_2025_26\Kolvor\GameOverScene.cpp(25,45): warning C4244: 'initializing': conversion from 'int' to 'float', possible loss of data
C:\Users\nolan\Downloads\Buas-Intake-Opdracht\Nolan_Bijmholt_251158_intake_2025_26\Kolvor\GameOverScene.cpp(25,32): warning C4244: 'initializing': conversion from 'int' to 'const float', possible loss of data
C:\Users\nolan\Downloads\Buas-Intake-Opdracht\Nolan_Bijmholt_251158_intake_2025_26\Kolvor\GameOverScene.cpp(26,116): warning C4244: 'argument': conversion from 'const float' to 'int', possible loss of data
C:\Users\nolan\Downloads\Buas-Intake-Opdracht\Nolan_Bijmholt_251158_intake_2025_26\Kolvor\GameOverScene.cpp(26,100): warning C4244: 'argument': conversion from 'float' to 'int', possible loss of data
C:\Users\nolan\Downloads\Buas-Intake-Opdracht\Nolan_Bijmholt_251158_intake_2025_26\Kolvor\GameOverScene.cpp(26,52): warning C4244: 'argument': conversion from 'float' to 'int', possible loss of data
C:\Users\nolan\Downloads\Buas-Intake-Opdracht\Nolan_Bijmholt_251158_intake_2025_26\Kolvor\GameOverScene.cpp(30,72): warning C4244: 'argument': conversion from 'const float' to 'int', possible loss of data
C:\Users\nolan\Downloads\Buas-Intake-Opdracht\Nolan_Bijmholt_251158_intake_2025_26\Kolvor\GameOverScene.cpp(30,48): warning C4244: 'initializing': conversion from 'int' to 'float', possible loss of data
C:\Users\nolan\Downloads\Buas-Intake-Opdracht\Nolan_Bijmholt_251158_intake_2025_26\Kolvor\GameOverScene.cpp(30,35): warning C4244: 'initializing': conversion from 'int' to 'const float', possible loss of data
C:\Users\nolan\Downloads\Buas-Intake-Opdracht\Nolan_Bijmholt_251158_intake_2025_26\Kolvor\GameOverScene.cpp(31,129): warning C4244: 'argument': conversion from 'const float' to 'int', possible loss of data
C:\Users\nolan\Downloads\Buas-Intake-Opdracht\Nolan_Bijmholt_251158_intake_2025_26\Kolvor\GameOverScene.cpp(31,106): warning C4244: 'argument': conversion from 'float' to 'int', possible loss of data
C:\Users\nolan\Downloads\Buas-Intake-Opdracht\Nolan_Bijmholt_251158_intake_2025_26\Kolvor\GameOverScene.cpp(31,55): warning C4244: 'argument': conversion from 'float' to 'int', possible loss of data
  GameScene.cpp
C:\Users\nolan\Downloads\Buas-Intake-Opdracht\Nolan_Bijmholt_251158_intake_2025_26\Kolvor\GameScene.cpp(24,84): warning C4244: 'argument': conversion from 'float' to 'int', possible loss of data
C:\Users\nolan\Downloads\Buas-Intake-Opdracht\Nolan_Bijmholt_251158_intake_2025_26\Kolvor\GameScene.cpp(24,68): warning C4244: 'argument': conversion from 'float' to 'int', possible loss of data
C:\Users\nolan\Downloads\Buas-Intake-Opdracht\Nolan_Bijmholt_251158_intake_2025_26\Kolvor\GameScene.cpp(24,52): warning C4244: 'argument': conversion from 'float' to 'int', possible loss of data
C:\Users\nolan\Downloads\Buas-Intake-Opdracht\Nolan_Bijmholt_251158_intake_2025_26\Kolvor\GameScene.cpp(24,33): warning C4244: 'argument': conversion from 'float' to 'int', possible loss of data
C:\Users\nolan\Downloads\Buas-Intake-Opdracht\Nolan_Bijmholt_251158_intake_2025_26\Kolvor\GameScene.cpp(25,55): warning C4244: 'argument': conversion from 'float' to 'int', possible loss of data
C:\Users\nolan\Downloads\Buas-Intake-Opdracht\Nolan_Bijmholt_251158_intake_2025_26\Kolvor\GameScene.cpp(25,46): warning C4244: 'argument': conversion from 'float' to 'int', possible loss of data
C:\Users\nolan\Downloads\Buas-Intake-Opdracht\Nolan_Bijmholt_251158_intake_2025_26\Kolvor\GameScene.cpp(25,37): warning C4244: 'argument': conversion from 'float' to 'int', possible loss of data
C:\Users\nolan\Downloads\Buas-Intake-Opdracht\Nolan_Bijmholt_251158_intake_2025_26\Kolvor\GameScene.cpp(25,25): warning C4244: 'argument': conversion from 'float' to 'int', possible loss of data
C:\Users\nolan\Downloads\Buas-Intake-Opdracht\Nolan_Bijmholt_251158_intake_2025_26\Kolvor\GameScene.cpp(38,20): warning C4244: 'initializing': conversion from 'int' to 'float', possible loss of data
C:\Users\nolan\Downloads\Buas-Intake-Opdracht\Nolan_Bijmholt_251158_intake_2025_26\Kolvor\GameScene.cpp(39,16): warning C4244: 'initializing': conversion from 'int' to 'float', possible loss of data
C:\Users\nolan\Downloads\Buas-Intake-Opdracht\Nolan_Bijmholt_251158_intake_2025_26\Kolvor\GameScene.cpp(42,22): warning C4244: 'initializing': conversion from 'int' to 'float', possible loss of data
C:\Users\nolan\Downloads\Buas-Intake-Opdracht\Nolan_Bijmholt_251158_intake_2025_26\Kolvor\GameScene.cpp(47,50): warning C4244: 'argument': conversion from 'float' to 'int', possible loss of data
C:\Users\nolan\Downloads\Buas-Intake-Opdracht\Nolan_Bijmholt_251158_intake_2025_26\Kolvor\GameScene.cpp(47,42): warning C4244: 'argument': conversion from 'float' to 'int', possible loss of data
C:\Users\nolan\Downloads\Buas-Intake-Opdracht\Nolan_Bijmholt_251158_intake_2025_26\Kolvor\GameScene.cpp(48,78): warning C4244: 'argument': conversion from 'float' to 'int', possible loss of data
C:\Users\nolan\Downloads\Buas-Intake-Opdracht\Nolan_Bijmholt_251158_intake_2025_26\Kolvor\GameScene.cpp(48,66): warning C4244: 'argument': conversion from 'float' to 'int', possible loss of data
C:\Users\nolan\Downloads\Buas-Intake-Opdracht\Nolan_Bijmholt_251158_intake_2025_26\Kolvor\GameScene.cpp(48,60): warning C4244: 'argument': conversion from 'float' to 'int', possible loss of data
C:\Users\nolan\Downloads\Buas-Intake-Opdracht\Nolan_Bijmholt_251158_intake_2025_26\Kolvor\GameScene.cpp(48,52): warning C4244: 'argument': conversion from 'float' to 'int', possible loss of data
C:\Users\nolan\Downloads\Buas-Intake-Opdracht\Nolan_Bijmholt_251158_intake_2025_26\Kolvor\GameScene.cpp(50,54): warning C4244: 'argument': conversion from 'float' to 'int', possible loss of data
C:\Users\nolan\Downloads\Buas-Intake-Opdracht\Nolan_Bijmholt_251158_intake_2025_26\Kolvor\GameScene.cpp(50,25): warning C4244: 'argument': conversion from 'float' to 'int', possible loss of data
C:\Users\nolan\Downloads\Buas-Intake-Opdracht\Nolan_Bijmholt_251158_intake_2025_26\Kolvor\GameScene.cpp(51,75): warning C4244: 'argument': conversion from 'float' to 'int', possible loss of data
C:\Users\nolan\Downloads\Buas-Intake-Opdracht\Nolan_Bijmholt_251158_intake_2025_26\Kolvor\GameScene.cpp(51,63): warning C4244: 'argument': conversion from 'float' to 'int', possible loss of data
C:\Users\nolan\Downloads\Buas-Intake-Opdracht\Nolan_Bijmholt_251158_intake_2025_26\Kolvor\GameScene.cpp(51,55): warning C4244: 'argument': conversion from 'float' to 'int', possible loss of data
C:\Users\nolan\Downloads\Buas-Intake-Opdracht\Nolan_Bijmholt_251158_intake_2025_26\Kolvor\GameScene.cpp(55,71): warning C4244: 'argument': conversion from 'float' to 'int', possible loss of data
C:\Users\nolan\Downloads\Buas-Intake-Opdracht\Nolan_Bijmholt_251158_intake_2025_26\Kolvor\GameScene.cpp(63,55): warning C4244: 'argument': conversion from 'float' to 'int', possible loss of data
C:\Users\nolan\Downloads\Buas-Intake-Opdracht\Nolan_Bijmholt_251158_intake_2025_26\Kolvor\GameScene.cpp(63,41): warning C4244: 'argument': conversion from 'float' to 'int', possible loss of data
C:\Users\nolan\Downloads\Buas-Intake-Opdracht\Nolan_Bijmholt_251158_intake_2025_26\Kolvor\GameScene.cpp(67,49): warning C4244: 'argument': conversion from 'float' to 'int', possible loss of data
C:\Users\nolan\Downloads\Buas-Intake-Opdracht\Nolan_Bijmholt_251158_intake_2025_26\Kolvor\GameScene.cpp(67,24): warning C4244: 'initializing': conversion from 'int' to 'float', possible loss of data
C:\Users\nolan\Downloads\Buas-Intake-Opdracht\Nolan_Bijmholt_251158_intake_2025_26\Kolvor\GameScene.cpp(68,57): warning C4244: 'argument': conversion from 'float' to 'int', possible loss of data
C:\Users\nolan\Downloads\Buas-Intake-Opdracht\Nolan_Bijmholt_251158_intake_2025_26\Kolvor\GameScene.cpp(68,36): warning C4244: 'argument': conversion from 'float' to 'int', possible loss of data
C:\Users\nolan\Downloads\Buas-Intake-Opdracht\Nolan_Bijmholt_251158_intake_2025_26\Kolvor\GameScene.cpp(73,69): warning C4244: 'argument': conversion from 'float' to 'int', possible loss of data
C:\Users\nolan\Downloads\Buas-Intake-Opdracht\Nolan_Bijmholt_251158_intake_2025_26\Kolvor\GameScene.cpp(73,30): warning C4244: 'initializing': conversion from 'int' to 'float', possible loss of data
C:\Users\nolan\Downloads\Buas-Intake-Opdracht\Nolan_Bijmholt_251158_intake_2025_26\Kolvor\GameScene.cpp(74,88): warning C4244: 'argument': conversion from 'float' to 'int', possible loss of data
C:\Users\nolan\Downloads\Buas-Intake-Opdracht\Nolan_Bijmholt_251158_intake_2025_26\Kolvor\GameScene.cpp(74,74): warning C4244: 'argument': conversion from 'float' to 'int', possible loss of data
C:\Users\nolan\Downloads\Buas-Intake-Opdracht\Nolan_Bijmholt_251158_intake_2025_26\Kolvor\GameScene.cpp(74,50): warning C4244: 'argument': conversion from 'float' to 'int', possible loss of data
  InfoScene.cpp
C:\Users\nolan\Downloads\Buas-Intake-Opdracht\Nolan_Bijmholt_251158_intake_2025_26\Kolvor\InfoScene.cpp(14,51): warning C4244: 'initializing': conversion from 'int' to 'float', possible loss of data
C:\Users\nolan\Downloads\Buas-Intake-Opdracht\Nolan_Bijmholt_251158_intake_2025_26\Kolvor\InfoScene.cpp(14,22): warning C4244: 'initializing': conversion from 'int' to 'const float', possible loss of data
C:\Users\nolan\Downloads\Buas-Intake-Opdracht\Nolan_Bijmholt_251158_intake_2025_26\Kolvor\InfoScene.cpp(17,61): warning C4244: 'initializing': conversion from 'int' to 'float', possible loss of data
C:\Users\nolan\Downloads\Buas-Intake-Opdracht\Nolan_Bijmholt_251158_intake_2025_26\Kolvor\InfoScene.cpp(17,28): warning C4244: 'initializing': conversion from 'int' to 'const float', possible loss of data
C:\Users\nolan\Downloads\Buas-Intake-Opdracht\Nolan_Bijmholt_251158_intake_2025_26\Kolvor\InfoScene.cpp(18,63): warning C4244: 'initializing': conversion from 'int' to 'float', possible loss of data
C:\Users\nolan\Downloads\Buas-Intake-Opdracht\Nolan_Bijmholt_251158_intake_2025_26\Kolvor\InfoScene.cpp(18,29): warning C4244: 'initializing': conversion from 'int' to 'const float', possible loss of data
C:\Users\nolan\Downloads\Buas-Intake-Opdracht\Nolan_Bijmholt_251158_intake_2025_26\Kolvor\InfoScene.cpp(22,26): warning C4244: 'argument': conversion from 'const float' to 'int', possible loss of data
C:\Users\nolan\Downloads\Buas-Intake-Opdracht\Nolan_Bijmholt_251158_intake_2025_26\Kolvor\InfoScene.cpp(31,51): warning C4244: 'argument': conversion from 'const float' to 'int', possible loss of data
C:\Users\nolan\Downloads\Buas-Intake-Opdracht\Nolan_Bijmholt_251158_intake_2025_26\Kolvor\InfoScene.cpp(31,37): warning C4244: 'argument': conversion from 'const float' to 'int', possible loss of data
C:\Users\nolan\Downloads\Buas-Intake-Opdracht\Nolan_Bijmholt_251158_intake_2025_26\Kolvor\InfoScene.cpp(31,27): warning C4244: 'argument': conversion from 'float' to 'int', possible loss of data
C:\Users\nolan\Downloads\Buas-Intake-Opdracht\Nolan_Bijmholt_251158_intake_2025_26\Kolvor\InfoScene.cpp(32,42): warning C4244: 'argument': conversion from 'const float' to 'int', possible loss of data
C:\Users\nolan\Downloads\Buas-Intake-Opdracht\Nolan_Bijmholt_251158_intake_2025_26\Kolvor\InfoScene.cpp(38,41): warning C4244: 'argument': conversion from 'const float' to 'int', possible loss of data
C:\Users\nolan\Downloads\Buas-Intake-Opdracht\Nolan_Bijmholt_251158_intake_2025_26\Kolvor\InfoScene.cpp(38,36): warning C4244: 'argument': conversion from 'float' to 'int', possible loss of data
C:\Users\nolan\Downloads\Buas-Intake-Opdracht\Nolan_Bijmholt_251158_intake_2025_26\Kolvor\InfoScene.cpp(42,41): warning C4244: 'argument': conversion from 'const float' to 'int', possible loss of data
C:\Users\nolan\Downloads\Buas-Intake-Opdracht\Nolan_Bijmholt_251158_intake_2025_26\Kolvor\InfoScene.cpp(42,36): warning C4244: 'argument': conversion from 'float' to 'int', possible loss of data
C:\Users\nolan\Downloads\Buas-Intake-Opdracht\Nolan_Bijmholt_251158_intake_2025_26\Kolvor\InfoScene.cpp(46,41): warning C4244: 'argument': conversion from 'const float' to 'int', possible loss of data
C:\Users\nolan\Downloads\Buas-Intake-Opdracht\Nolan_Bijmholt_251158_intake_2025_26\Kolvor\InfoScene.cpp(46,36): warning C4244: 'argument': conversion from 'float' to 'int', possible loss of data
C:\Users\nolan\Downloads\Buas-Intake-Opdracht\Nolan_Bijmholt_251158_intake_2025_26\Kolvor\InfoScene.cpp(55,55): warning C4244: 'argument': conversion from 'const float' to 'int', possible loss of data
C:\Users\nolan\Downloads\Buas-Intake-Opdracht\Nolan_Bijmholt_251158_intake_2025_26\Kolvor\InfoScene.cpp(55,50): warning C4244: 'argument': conversion from 'float' to 'int', possible loss of data
C:\Users\nolan\Downloads\Buas-Intake-Opdracht\Nolan_Bijmholt_251158_intake_2025_26\Kolvor\InfoScene.cpp(55,27): warning C4244: 'argument': conversion from 'float' to 'int', possible loss of data
C:\Users\nolan\Downloads\Buas-Intake-Opdracht\Nolan_Bijmholt_251158_intake_2025_26\Kolvor\InfoScene.cpp(56,42): warning C4244: 'argument': conversion from 'const float' to 'int', possible loss of data
C:\Users\nolan\Downloads\Buas-Intake-Opdracht\Nolan_Bijmholt_251158_intake_2025_26\Kolvor\InfoScene.cpp(62,41): warning C4244: 'argument': conversion from 'const float' to 'int', possible loss of data
C:\Users\nolan\Downloads\Buas-Intake-Opdracht\Nolan_Bijmholt_251158_intake_2025_26\Kolvor\InfoScene.cpp(62,36): warning C4244: 'argument': conversion from 'float' to 'int', possible loss of data
C:\Users\nolan\Downloads\Buas-Intake-Opdracht\Nolan_Bijmholt_251158_intake_2025_26\Kolvor\InfoScene.cpp(66,41): warning C4244: 'argument': conversion from 'const float' to 'int', possible loss of data
C:\Users\nolan\Downloads\Buas-Intake-Opdracht\Nolan_Bijmholt_251158_intake_2025_26\Kolvor\InfoScene.cpp(66,36): warning C4244: 'argument': conversion from 'float' to 'int', possible loss of data
C:\Users\nolan\Downloads\Buas-Intake-Opdracht\Nolan_Bijmholt_251158_intake_2025_26\Kolvor\InfoScene.cpp(70,61): warning C4244: 'argument': conversion from 'const float' to 'int', possible loss of data
C:\Users\nolan\Downloads\Buas-Intake-Opdracht\Nolan_Bijmholt_251158_intake_2025_26\Kolvor\InfoScene.cpp(70,37): warning C4244: 'argument': conversion from 'float' to 'int', possible loss of data
  main.cpp
  Player.cpp
C:\Users\nolan\Downloads\Buas-Intake-Opdracht\Nolan_Bijmholt_251158_intake_2025_26\Kolvor\Player.cpp(180,60): warning C4244: 'argument': conversion from 'float' to 'int', possible loss of data
C:\Users\nolan\Downloads\Buas-Intake-Opdracht\Nolan_Bijmholt_251158_intake_2025_26\Kolvor\Player.cpp(180,40): warning C4244: 'argument': conversion from 'float' to 'int', possible loss of data
C:\Users\nolan\Downloads\Buas-Intake-Opdracht\Nolan_Bijmholt_251158_intake_2025_26\Kolvor\Player.cpp(186,62): warning C4244: 'argument': conversion from 'float' to 'int', possible loss of data
C:\Users\nolan\Downloads\Buas-Intake-Opdracht\Nolan_Bijmholt_251158_intake_2025_26\Kolvor\Player.cpp(186,42): warning C4244: 'argument': conversion from 'float' to 'int', possible loss of data
  ProgramConfig.cpp
  Scenemanager.cpp
  StartScene.cpp
C:\Users\nolan\Downloads\Buas-Intake-Opdracht\Nolan_Bijmholt_251158_intake_2025_26\Kolvor\StartScene.cpp(14,61): warning C4244: 'initializing': conversion from 'int' to 'float', possible loss of data
C:\Users\nolan\Downloads\Buas-Intake-Opdracht\Nolan_Bijmholt_251158_intake_2025_26\Kolvor\StartScene.cpp(14,28): warning C4244: 'initializing': conversion from 'int' to 'const float', possible loss of data
C:\Users\nolan\Downloads\Buas-Intake-Opdracht\Nolan_Bijmholt_251158_intake_2025_26\Kolvor\StartScene.cpp(15,63): warning C4244: 'initializing': conversion from 'int' to 'float', possible loss of data
C:\Users\nolan\Downloads\Buas-Intake-Opdracht\Nolan_Bijmholt_251158_intake_2025_26\Kolvor\StartScene.cpp(15,29): warning C4244: 'initializing': conversion from 'int' to 'const float', possible loss of data
C:\Users\nolan\Downloads\Buas-Intake-Opdracht\Nolan_Bijmholt_251158_intake_2025_26\Kolvor\StartScene.cpp(16,50): warning C4244: 'initializing': conversion from 'int' to 'float', possible loss of data
C:\Users\nolan\Downloads\Buas-Intake-Opdracht\Nolan_Bijmholt_251158_intake_2025_26\Kolvor\StartScene.cpp(16,22): warning C4244: 'initializing': conversion from 'int' to 'const float', possible loss of data
C:\Users\nolan\Downloads\Buas-Intake-Opdracht\Nolan_Bijmholt_251158_intake_2025_26\Kolvor\StartScene.cpp(24,41): warning C4244: 'argument': conversion from 'float' to 'int', possible loss of data
C:\Users\nolan\Downloads\Buas-Intake-Opdracht\Nolan_Bijmholt_251158_intake_2025_26\Kolvor\StartScene.cpp(24,20): warning C4244: 'initializing': conversion from 'int' to 'float', possible loss of data
C:\Users\nolan\Downloads\Buas-Intake-Opdracht\Nolan_Bijmholt_251158_intake_2025_26\Kolvor\StartScene.cpp(25,98): warning C4244: 'argument': conversion from 'float' to 'int', possible loss of data
C:\Users\nolan\Downloads\Buas-Intake-Opdracht\Nolan_Bijmholt_251158_intake_2025_26\Kolvor\StartScene.cpp(25,78): warning C4244: 'argument': conversion from 'float' to 'int', possible loss of data
C:\Users\nolan\Downloads\Buas-Intake-Opdracht\Nolan_Bijmholt_251158_intake_2025_26\Kolvor\StartScene.cpp(25,38): warning C4244: 'argument': conversion from 'float' to 'int', possible loss of data
  Timer.cpp
  Generating Code...
LINK : warning LNK4098: defaultlib 'MSVCRT' conflicts with use of other libs; use /NODEFAULTLIB:library
  Nolan_Bijmholt_251158_intake_2025_26.vcxproj -> C:\Users\nolan\Downloads\Buas-Intake-Opdracht\Nolan_Bijmholt_251158_intake_2025_26\x64\Debug\Kolvor.exe
